#
# There is insufficient memory for the Java Runtime Environment to continue.
# Native memory allocation (mmap) failed to map 106954752 bytes for G1 virtual space
# Possible reasons:
#   The system is out of physical RAM or swap space
#   The process is running with CompressedOops enabled, and the Java Heap may be blocking the growth of the native heap
# Possible solutions:
#   Reduce memory load on the system
#   Increase physical memory or swap space
#   Check if swap backing store is full
#   Decrease Java heap size (-Xmx/-Xms)
#   Decrease number of Java threads
#   Decrease Java thread stack sizes (-Xss)
#   Set larger code cache with -XX:ReservedCodeCacheSize=
#   JVM is running with Unscaled Compressed Oops mode in which the Java heap is
#     placed in the first 4GB address space. The Java Heap base address is the
#     maximum limit for the native heap growth. Please use -XX:HeapBaseMinAddress
#     to set the Java Heap base and to place the Java Heap above 4GB virtual address.
# This output file may be truncated or incomplete.
#
#  Out of Memory Error (os_windows.cpp:3527), pid=16168, tid=13924
#
# JRE version: OpenJDK Runtime Environment (19.0.1+10) (build 19.0.1+10-21)
# Java VM: OpenJDK 64-Bit Server VM (19.0.1+10-21, mixed mode, emulated-client, sharing, tiered, compressed oops, compressed class ptrs, g1 gc, windows-amd64)
# No core dump will be written. Minidumps are not enabled by default on client versions of Windows
#

---------------  S U M M A R Y ------------

Command Line: -XX:TieredStopAtLevel=1 -Dspring.output.ansi.enabled=always -Dcom.sun.management.jmxremote -Dspring.jmx.enabled=true -Dspring.liveBeansView.mbeanDomain -Dspring.application.admin.enabled=true -Dmanagement.endpoints.jmx.exposure.include=* -javaagent:C:\Program Files\JetBrains\IntelliJ IDEA 2022.3.1\lib\idea_rt.jar=55438:C:\Program Files\JetBrains\IntelliJ IDEA 2022.3.1\bin -Dfile.encoding=UTF-8 -Dsun.stdout.encoding=UTF-8 -Dsun.stderr.encoding=UTF-8 com.example.bookstoreapp.BookStoreAppApplication

Host: Intel(R) Core(TM) i3-6006U CPU @ 2.00GHz, 4 cores, 3G,  Windows 10 , 64 bit Build 19041 (10.0.19041.2364)
Time: Thu Feb  2 21:30:01 2023 India Standard Time elapsed time: 1606.100575 seconds (0d 0h 26m 46s)

---------------  T H R E A D  ---------------

Current thread (0x0000017ef22cec80):  VMThread "VM Thread" [stack: 0x0000003293b00000,0x0000003293c00000] [id=13924]

Stack: [0x0000003293b00000,0x0000003293c00000]
Native frames: (J=compiled Java code, j=interpreted, Vv=VM code, C=native code)
V  [jvm.dll+0x6ee8fa]
V  [jvm.dll+0x857a1e]
V  [jvm.dll+0x85940e]
V  [jvm.dll+0x859ac3]
V  [jvm.dll+0x28291f]
V  [jvm.dll+0x6eb6e9]
V  [jvm.dll+0x6e028a]
V  [jvm.dll+0x357136]
V  [jvm.dll+0x35eb96]
V  [jvm.dll+0x3b555e]
V  [jvm.dll+0x3b578f]
V  [jvm.dll+0x32c6ea]
V  [jvm.dll+0x32c797]
V  [jvm.dll+0x374b52]
V  [jvm.dll+0x37328f]
V  [jvm.dll+0x32bf10]
V  [jvm.dll+0x37282b]
V  [jvm.dll+0x85ef83]
V  [jvm.dll+0x85fd49]
V  [jvm.dll+0x86027d]
V  [jvm.dll+0x86070b]
V  [jvm.dll+0x8607c7]
V  [jvm.dll+0x8015fa]
V  [jvm.dll+0x6ed5eb]
C  [ucrtbase.dll+0x21bb2]
C  [KERNEL32.DLL+0x17614]
C  [ntdll.dll+0x526a1]

VM_Operation (0x00000032950febf0): G1CollectForAllocation, mode: safepoint, requested by thread 0x0000017e86647ea0


---------------  P R O C E S S  ---------------

Threads class SMR info:
_java_thread_list=0x0000017e878a5270, length=32, elements={
0x0000017eff925430, 0x0000017eff926230, 0x0000017eff928e30, 0x0000017eff929a20,
0x0000017eff92b360, 0x0000017eff92bc90, 0x0000017eff92c5c0, 0x0000017eff92faa0,
0x0000017effb20020, 0x0000017effeee3d0, 0x0000017effeee910, 0x0000017e8613f400,
0x0000017e86cd89f0, 0x0000017e86647ea0, 0x0000017e8664a930, 0x0000017e8664b680,
0x0000017effd00ee0, 0x0000017effd01430, 0x0000017effd01ed0, 0x0000017effd01980,
0x0000017effd02420, 0x0000017e88012580, 0x0000017e88019a60, 0x0000017e88012030,
0x0000017e88013020, 0x0000017e88012ad0, 0x0000017e88014560, 0x0000017e88016a90,
0x0000017e88015000, 0x0000017e88014010, 0x0000017e88013570, 0x0000017e88018fc0
}

Java Threads: ( => current thread )
  0x0000017eff925430 JavaThread "Reference Handler" daemon [_thread_blocked, id=13752, stack(0x0000003293c00000,0x0000003293d00000)]
  0x0000017eff926230 JavaThread "Finalizer" daemon [_thread_blocked, id=14920, stack(0x0000003293d00000,0x0000003293e00000)]
  0x0000017eff928e30 JavaThread "Signal Dispatcher" daemon [_thread_blocked, id=8172, stack(0x0000003293e00000,0x0000003293f00000)]
  0x0000017eff929a20 JavaThread "Attach Listener" daemon [_thread_blocked, id=10140, stack(0x0000003293f00000,0x0000003294000000)]
  0x0000017eff92b360 JavaThread "Service Thread" daemon [_thread_blocked, id=14484, stack(0x0000003294000000,0x0000003294100000)]
  0x0000017eff92bc90 JavaThread "Monitor Deflation Thread" daemon [_thread_blocked, id=2672, stack(0x0000003294100000,0x0000003294200000)]
  0x0000017eff92c5c0 JavaThread "C1 CompilerThread0" daemon [_thread_blocked, id=14104, stack(0x0000003294200000,0x0000003294300000)]
  0x0000017eff92faa0 JavaThread "Sweeper thread" daemon [_thread_blocked, id=1044, stack(0x0000003294300000,0x0000003294400000)]
  0x0000017effb20020 JavaThread "Common-Cleaner" daemon [_thread_blocked, id=15816, stack(0x0000003294400000,0x0000003294500000)]
  0x0000017effeee3d0 JavaThread "Monitor Ctrl-Break" daemon [_thread_in_native, id=5580, stack(0x0000003294600000,0x0000003294700000)]
  0x0000017effeee910 JavaThread "Notification Thread" daemon [_thread_blocked, id=12828, stack(0x0000003294700000,0x0000003294800000)]
  0x0000017e8613f400 JavaThread "RMI TCP Accept-0" daemon [_thread_in_native, id=12488, stack(0x0000003294500000,0x0000003294600000)]
  0x0000017e86cd89f0 JavaThread "Catalina-utility-1" [_thread_blocked, id=11892, stack(0x0000003293300000,0x0000003293400000)]
  0x0000017e86647ea0 JavaThread "Catalina-utility-2" [_thread_blocked, id=8744, stack(0x0000003295000000,0x0000003295100000)]
  0x0000017e8664a930 JavaThread "container-0" [_thread_blocked, id=14212, stack(0x0000003295100000,0x0000003295200000)]
  0x0000017e8664b680 JavaThread "mysql-cj-abandoned-connection-cleanup" daemon [_thread_blocked, id=14548, stack(0x0000003295200000,0x0000003295300000)]
  0x0000017effd00ee0 JavaThread "HikariPool-1 housekeeper" daemon [_thread_blocked, id=9924, stack(0x0000003295400000,0x0000003295500000)]
  0x0000017effd01430 JavaThread "File Watcher" daemon [_thread_blocked, id=688, stack(0x0000003295500000,0x0000003295600000)]
  0x0000017effd01ed0 JavaThread "Live Reload Server" daemon [_thread_in_native, id=9100, stack(0x0000003295800000,0x0000003295900000)]
  0x0000017effd01980 JavaThread "http-nio-8080-exec-1" daemon [_thread_blocked, id=9380, stack(0x0000003295700000,0x0000003295800000)]
  0x0000017effd02420 JavaThread "http-nio-8080-exec-2" daemon [_thread_blocked, id=15420, stack(0x0000003295900000,0x0000003295a00000)]
  0x0000017e88012580 JavaThread "http-nio-8080-exec-3" daemon [_thread_blocked, id=9212, stack(0x0000003295a00000,0x0000003295b00000)]
  0x0000017e88019a60 JavaThread "http-nio-8080-exec-4" daemon [_thread_blocked, id=10600, stack(0x0000003295b00000,0x0000003295c00000)]
  0x0000017e88012030 JavaThread "http-nio-8080-exec-5" daemon [_thread_blocked, id=2884, stack(0x0000003295c00000,0x0000003295d00000)]
  0x0000017e88013020 JavaThread "http-nio-8080-exec-6" daemon [_thread_blocked, id=3332, stack(0x0000003295d00000,0x0000003295e00000)]
  0x0000017e88012ad0 JavaThread "http-nio-8080-exec-7" daemon [_thread_blocked, id=14680, stack(0x0000003295e00000,0x0000003295f00000)]
  0x0000017e88014560 JavaThread "http-nio-8080-exec-8" daemon [_thread_blocked, id=10888, stack(0x0000003295f00000,0x0000003296000000)]
  0x0000017e88016a90 JavaThread "http-nio-8080-exec-9" daemon [_thread_blocked, id=14696, stack(0x0000003296000000,0x0000003296100000)]
  0x0000017e88015000 JavaThread "http-nio-8080-exec-10" daemon [_thread_blocked, id=256, stack(0x0000003296100000,0x0000003296200000)]
  0x0000017e88014010 JavaThread "http-nio-8080-Poller" daemon [_thread_blocked, id=16344, stack(0x0000003296200000,0x0000003296300000)]
  0x0000017e88013570 JavaThread "http-nio-8080-Acceptor" daemon [_thread_in_native, id=5588, stack(0x0000003296300000,0x0000003296400000)]
  0x0000017e88018fc0 JavaThread "DestroyJavaVM" [_thread_blocked, id=13436, stack(0x0000003293500000,0x0000003293600000)]

Other Threads:
=>0x0000017ef22cec80 VMThread "VM Thread" [stack: 0x0000003293b00000,0x0000003293c00000] [id=13924]
  0x0000017e86187990 WatcherThread "VM Periodic Task Thread" [stack: 0x0000003294800000,0x0000003294900000] [id=9852]
  0x0000017ef224c450 WorkerThread "GC Thread#0" [stack: 0x0000003293600000,0x0000003293700000] [id=14280]
  0x0000017e861274d0 WorkerThread "GC Thread#1" [stack: 0x0000003294900000,0x0000003294a00000] [id=9772]
  0x0000017e86150430 WorkerThread "GC Thread#2" [stack: 0x0000003294a00000,0x0000003294b00000] [id=12712]
  0x0000017e86150700 WorkerThread "GC Thread#3" [stack: 0x0000003294b00000,0x0000003294c00000] [id=5404]
  0x0000017ef22551e0 ConcurrentGCThread "G1 Main Marker" [stack: 0x0000003293700000,0x0000003293800000] [id=4444]
  0x0000017ef2255b20 WorkerThread "G1 Conc#0" [stack: 0x0000003293800000,0x0000003293900000] [id=8716]
  0x0000017ef22aa7d0 ConcurrentGCThread "G1 Refine#0" [stack: 0x0000003293900000,0x0000003293a00000] [id=16128]
  0x0000017ef22ab220 ConcurrentGCThread "G1 Service" [stack: 0x0000003293a00000,0x0000003293b00000] [id=14224]

Threads with active compile tasks:

VM state: at safepoint (normal execution)

VM Mutex/Monitor currently owned by a thread:  ([mutex/lock_event])
[0x0000017ef2207720] Threads_lock - owner thread: 0x0000017ef22cec80
[0x0000017ef2207a80] Heap_lock - owner thread: 0x0000017e86647ea0

Heap address: 0x00000000c1400000, size: 1004 MB, Compressed Oops mode: 32-bit

CDS archive(s) mapped at: [0x0000000800000000-0x0000000800c30000-0x0000000800c30000), size 12779520, SharedBaseAddress: 0x0000000800000000, ArchiveRelocationMode: 0.
Compressed class space mapped at: 0x0000000801000000-0x0000000841000000, reserved size: 1073741824
Narrow klass base: 0x0000000800000000, Narrow klass shift: 0, Narrow klass range: 0x100000000

GC Precious Log:
 CardTable entry size: 512
 Card Set container configuration: InlinePtr #cards 5 size 8 Array Of Cards #cards 12 size 40 Howl #buckets 4 coarsen threshold 1843 Howl Bitmap #cards 512 size 80 coarsen threshold 460 Card regions per heap region 1 cards per card region 2048
 CPUs: 4 total, 4 available
 Memory: 4012M
 Large Page Support: Disabled
 NUMA Support: Disabled
 Compressed Oops: Enabled (32-bit)
 Heap Region Size: 1M
 Heap Min Capacity: 8M
 Heap Initial Capacity: 64M
 Heap Max Capacity: 1004M
 Pre-touch: Disabled
 Parallel Workers: 4
 Concurrent Workers: 1
 Concurrent Refinement Workers: 4
 Periodic GC: Disabled

Heap:
 garbage-first heap   total 69632K, used 27684K [0x00000000c1400000, 0x0000000100000000)
  region size 1024K, 1 young (1024K), 1 survivors (1024K)
 Metaspace       used 64760K, committed 65344K, reserved 1114112K
  class space    used 8933K, committed 9216K, reserved 1048576K

Heap Regions: E=young(eden), S=young(survivor), O=old, HS=humongous(starts), HC=humongous(continues), CS=collection set, F=free, OA=open archive, CA=closed archive, TAMS=top-at-mark-start (previous, next)
|   0|0x00000000c1400000, 0x00000000c1500000, 0x00000000c1500000|100%|HS|  |TAMS 0x00000000c1500000, 0x00000000c1400000| Complete 
|   1|0x00000000c1500000, 0x00000000c1600000, 0x00000000c1600000|100%| O|  |TAMS 0x00000000c1600000, 0x00000000c1500000| Untracked 
|   2|0x00000000c1600000, 0x00000000c1700000, 0x00000000c1700000|100%| O|  |TAMS 0x00000000c1700000, 0x00000000c1600000| Untracked 
|   3|0x00000000c1700000, 0x00000000c1800000, 0x00000000c1800000|100%| O|  |TAMS 0x00000000c1800000, 0x00000000c1700000| Untracked 
|   4|0x00000000c1800000, 0x00000000c1900000, 0x00000000c1900000|100%| O|  |TAMS 0x00000000c1900000, 0x00000000c1800000| Untracked 
|   5|0x00000000c1900000, 0x00000000c1a00000, 0x00000000c1a00000|100%| O|  |TAMS 0x00000000c1a00000, 0x00000000c1900000| Untracked 
|   6|0x00000000c1a00000, 0x00000000c1b00000, 0x00000000c1b00000|100%| O|  |TAMS 0x00000000c1b00000, 0x00000000c1a00000| Untracked 
|   7|0x00000000c1b00000, 0x00000000c1c00000, 0x00000000c1c00000|100%| O|  |TAMS 0x00000000c1c00000, 0x00000000c1b00000| Untracked 
|   8|0x00000000c1c00000, 0x00000000c1d00000, 0x00000000c1d00000|100%| O|  |TAMS 0x00000000c1d00000, 0x00000000c1c00000| Untracked 
|   9|0x00000000c1d00000, 0x00000000c1e00000, 0x00000000c1e00000|100%| O|  |TAMS 0x00000000c1d00000, 0x00000000c1d00000| Untracked 
|  10|0x00000000c1e00000, 0x00000000c1f00000, 0x00000000c1f00000|100%| O|  |TAMS 0x00000000c1f00000, 0x00000000c1e00000| Untracked 
|  11|0x00000000c1f00000, 0x00000000c2000000, 0x00000000c2000000|100%| O|  |TAMS 0x00000000c2000000, 0x00000000c1f00000| Untracked 
|  12|0x00000000c2000000, 0x00000000c2000000, 0x00000000c2100000|  0%| F|  |TAMS 0x00000000c2000000, 0x00000000c2000000| Untracked 
|  13|0x00000000c2100000, 0x00000000c2200000, 0x00000000c2200000|100%| O|  |TAMS 0x00000000c2200000, 0x00000000c2100000| Untracked 
|  14|0x00000000c2200000, 0x00000000c22d9000, 0x00000000c2300000| 84%| O|  |TAMS 0x00000000c2200000, 0x00000000c2200000| Untracked 
|  15|0x00000000c2300000, 0x00000000c2400000, 0x00000000c2400000|100%| O|  |TAMS 0x00000000c2300000, 0x00000000c2300000| Untracked 
|  16|0x00000000c2400000, 0x00000000c2500000, 0x00000000c2500000|100%| O|  |TAMS 0x00000000c2400000, 0x00000000c2400000| Untracked 
|  17|0x00000000c2500000, 0x00000000c2600000, 0x00000000c2600000|100%| O|  |TAMS 0x00000000c2600000, 0x00000000c2500000| Untracked 
|  18|0x00000000c2600000, 0x00000000c2700000, 0x00000000c2700000|100%| O|  |TAMS 0x00000000c2700000, 0x00000000c2600000| Untracked 
|  19|0x00000000c2700000, 0x00000000c2800000, 0x00000000c2800000|100%| O|  |TAMS 0x00000000c2800000, 0x00000000c2700000| Untracked 
|  20|0x00000000c2800000, 0x00000000c2900000, 0x00000000c2900000|100%| O|  |TAMS 0x00000000c2900000, 0x00000000c2800000| Untracked 
|  21|0x00000000c2900000, 0x00000000c2a00000, 0x00000000c2a00000|100%| O|  |TAMS 0x00000000c2a00000, 0x00000000c2900000| Untracked 
|  22|0x00000000c2a00000, 0x00000000c2b00000, 0x00000000c2b00000|100%| O|  |TAMS 0x00000000c2b00000, 0x00000000c2a00000| Untracked 
|  23|0x00000000c2b00000, 0x00000000c2c00000, 0x00000000c2c00000|100%| O|  |TAMS 0x00000000c2c00000, 0x00000000c2b00000| Untracked 
|  24|0x00000000c2c00000, 0x00000000c2d00000, 0x00000000c2d00000|100%| O|  |TAMS 0x00000000c2d00000, 0x00000000c2c00000| Untracked 
|  25|0x00000000c2d00000, 0x00000000c2e00000, 0x00000000c2e00000|100%| O|  |TAMS 0x00000000c2e00000, 0x00000000c2d00000| Untracked 
|  26|0x00000000c2e00000, 0x00000000c2e00000, 0x00000000c2f00000|  0%| F|  |TAMS 0x00000000c2e00000, 0x00000000c2e00000| Untracked 
|  27|0x00000000c2f00000, 0x00000000c3000000, 0x00000000c3000000|100%| O|  |TAMS 0x00000000c2f00000, 0x00000000c2f00000| Untracked 
|  28|0x00000000c3000000, 0x00000000c3100000, 0x00000000c3100000|100%| O|  |TAMS 0x00000000c3100000, 0x00000000c3000000| Untracked 
|  29|0x00000000c3100000, 0x00000000c3100000, 0x00000000c3200000|  0%| F|  |TAMS 0x00000000c3100000, 0x00000000c3100000| Untracked 
|  30|0x00000000c3200000, 0x00000000c3200000, 0x00000000c3300000|  0%| F|  |TAMS 0x00000000c3200000, 0x00000000c3200000| Untracked 
|  31|0x00000000c3300000, 0x00000000c3300000, 0x00000000c3400000|  0%| F|  |TAMS 0x00000000c3300000, 0x00000000c3300000| Untracked 
|  32|0x00000000c3400000, 0x00000000c3400000, 0x00000000c3500000|  0%| F|  |TAMS 0x00000000c3400000, 0x00000000c3400000| Untracked 
|  33|0x00000000c3500000, 0x00000000c3500000, 0x00000000c3600000|  0%| F|  |TAMS 0x00000000c3500000, 0x00000000c3500000| Untracked 
|  34|0x00000000c3600000, 0x00000000c3600000, 0x00000000c3700000|  0%| F|  |TAMS 0x00000000c3600000, 0x00000000c3600000| Untracked 
|  35|0x00000000c3700000, 0x00000000c3700000, 0x00000000c3800000|  0%| F|  |TAMS 0x00000000c3700000, 0x00000000c3700000| Untracked 
|  36|0x00000000c3800000, 0x00000000c3800000, 0x00000000c3900000|  0%| F|  |TAMS 0x00000000c3800000, 0x00000000c3800000| Untracked 
|  37|0x00000000c3900000, 0x00000000c3900000, 0x00000000c3a00000|  0%| F|  |TAMS 0x00000000c3900000, 0x00000000c3900000| Untracked 
|  38|0x00000000c3a00000, 0x00000000c3a00000, 0x00000000c3b00000|  0%| F|  |TAMS 0x00000000c3a00000, 0x00000000c3a00000| Untracked 
|  39|0x00000000c3b00000, 0x00000000c3b00000, 0x00000000c3c00000|  0%| F|  |TAMS 0x00000000c3b00000, 0x00000000c3b00000| Untracked 
|  40|0x00000000c3c00000, 0x00000000c3c00000, 0x00000000c3d00000|  0%| F|  |TAMS 0x00000000c3c00000, 0x00000000c3c00000| Untracked 
|  41|0x00000000c3d00000, 0x00000000c3d00000, 0x00000000c3e00000|  0%| F|  |TAMS 0x00000000c3d00000, 0x00000000c3d00000| Untracked 
|  42|0x00000000c3e00000, 0x00000000c3e00000, 0x00000000c3f00000|  0%| F|  |TAMS 0x00000000c3e00000, 0x00000000c3e00000| Untracked 
|  43|0x00000000c3f00000, 0x00000000c3f00000, 0x00000000c4000000|  0%| F|  |TAMS 0x00000000c3f00000, 0x00000000c3f00000| Untracked 
|  44|0x00000000c4000000, 0x00000000c4000000, 0x00000000c4100000|  0%| F|  |TAMS 0x00000000c4000000, 0x00000000c4000000| Untracked 
|  45|0x00000000c4100000, 0x00000000c4100000, 0x00000000c4200000|  0%| F|  |TAMS 0x00000000c4100000, 0x00000000c4100000| Untracked 
|  46|0x00000000c4200000, 0x00000000c4200000, 0x00000000c4300000|  0%| F|  |TAMS 0x00000000c4200000, 0x00000000c4200000| Untracked 
|  47|0x00000000c4300000, 0x00000000c4300000, 0x00000000c4400000|  0%| F|  |TAMS 0x00000000c4300000, 0x00000000c4300000| Untracked 
|  48|0x00000000c4400000, 0x00000000c4400000, 0x00000000c4500000|  0%| F|  |TAMS 0x00000000c4400000, 0x00000000c4400000| Untracked 
|  49|0x00000000c4500000, 0x00000000c4500000, 0x00000000c4600000|  0%| F|  |TAMS 0x00000000c4500000, 0x00000000c4500000| Untracked 
|  50|0x00000000c4600000, 0x00000000c4600000, 0x00000000c4700000|  0%| F|  |TAMS 0x00000000c4600000, 0x00000000c4600000| Untracked 
|  51|0x00000000c4700000, 0x00000000c4700000, 0x00000000c4800000|  0%| F|  |TAMS 0x00000000c4700000, 0x00000000c4700000| Untracked 
|  52|0x00000000c4800000, 0x00000000c4800000, 0x00000000c4900000|  0%| F|  |TAMS 0x00000000c4800000, 0x00000000c4800000| Untracked 
|  53|0x00000000c4900000, 0x00000000c4900000, 0x00000000c4a00000|  0%| F|  |TAMS 0x00000000c4900000, 0x00000000c4900000| Untracked 
|  54|0x00000000c4a00000, 0x00000000c4a00000, 0x00000000c4b00000|  0%| F|  |TAMS 0x00000000c4a00000, 0x00000000c4a00000| Untracked 
|  55|0x00000000c4b00000, 0x00000000c4b00000, 0x00000000c4c00000|  0%| F|  |TAMS 0x00000000c4b00000, 0x00000000c4b00000| Untracked 
|  56|0x00000000c4c00000, 0x00000000c4c00000, 0x00000000c4d00000|  0%| F|  |TAMS 0x00000000c4c00000, 0x00000000c4c00000| Untracked 
|  57|0x00000000c4d00000, 0x00000000c4d00000, 0x00000000c4e00000|  0%| F|  |TAMS 0x00000000c4d00000, 0x00000000c4d00000| Untracked 
|  58|0x00000000c4e00000, 0x00000000c4e00000, 0x00000000c4f00000|  0%| F|  |TAMS 0x00000000c4e00000, 0x00000000c4e00000| Untracked 
|  59|0x00000000c4f00000, 0x00000000c4f00000, 0x00000000c5000000|  0%| F|  |TAMS 0x00000000c4f00000, 0x00000000c4f00000| Untracked 
|  60|0x00000000c5000000, 0x00000000c5000000, 0x00000000c5100000|  0%| F|  |TAMS 0x00000000c5000000, 0x00000000c5000000| Untracked 
|  61|0x00000000c5100000, 0x00000000c5100000, 0x00000000c5200000|  0%| F|  |TAMS 0x00000000c5100000, 0x00000000c5100000| Untracked 
|  62|0x00000000c5200000, 0x00000000c5200000, 0x00000000c5300000|  0%| F|  |TAMS 0x00000000c5200000, 0x00000000c5200000| Untracked 
|  63|0x00000000c5300000, 0x00000000c5300000, 0x00000000c5400000|  0%| F|  |TAMS 0x00000000c5300000, 0x00000000c5300000| Untracked 
|  64|0x00000000c5400000, 0x00000000c5430268, 0x00000000c5500000| 18%| S|CS|TAMS 0x00000000c5400000, 0x00000000c5400000| Complete 
|  65|0x00000000c5500000, 0x00000000c5500000, 0x00000000c5600000|  0%| F|  |TAMS 0x00000000c5500000, 0x00000000c5500000| Untracked 
|  66|0x00000000c5600000, 0x00000000c5600000, 0x00000000c5700000|  0%| F|  |TAMS 0x00000000c5600000, 0x00000000c5600000| Untracked 
|  67|0x00000000c5700000, 0x00000000c5700000, 0x00000000c5800000|  0%| F|  |TAMS 0x00000000c5700000, 0x00000000c5700000| Untracked 

Card table byte_map: [0x0000017efd160000,0x0000017efd360000] _byte_map_base: 0x0000017efcb56000

Marking Bits (Prev, Next): (CMBitMap*) 0x0000017ef224c9d0, (CMBitMap*) 0x0000017ef224c990
 Prev Bits: [0x0000017efe510000, 0x0000017eff4c0000)
 Next Bits: [0x0000017efd560000, 0x0000017efe510000)

Polling page: 0x0000017ef01d0000

Metaspace:

Usage:
  Non-class:     54.52 MB used.
      Class:      8.72 MB used.
       Both:     63.24 MB used.

Virtual space:
  Non-class space:       64.00 MB reserved,      54.81 MB ( 86%) committed,  1 nodes.
      Class space:        1.00 GB reserved,       9.00 MB ( <1%) committed,  1 nodes.
             Both:        1.06 GB reserved,      63.81 MB (  6%) committed. 

Chunk freelists:
   Non-Class:  1.09 MB
       Class:  3.00 MB
        Both:  4.09 MB

MaxMetaspaceSize: unlimited
CompressedClassSpaceSize: 1.00 GB
Initial GC threshold: 21.00 MB
Current GC threshold: 106.06 MB
CDS: on
MetaspaceReclaimPolicy: balanced
 - commit_granule_bytes: 65536.
 - commit_granule_words: 8192.
 - virtual_space_node_default_size: 8388608.
 - enlarge_chunks_in_place: 1.
 - new_chunks_are_fully_committed: 0.
 - uncommit_free_chunks: 1.
 - use_allocation_guard: 0.


Internal statistics:

num_allocs_failed_limit: 6.
num_arena_births: 968.
num_arena_deaths: 344.
num_vsnodes_births: 2.
num_vsnodes_deaths: 0.
num_space_committed: 1021.
num_space_uncommitted: 0.
num_chunks_returned_to_freelist: 365.
num_chunks_taken_from_freelist: 3256.
num_chunk_merges: 91.
num_chunk_splits: 2298.
num_chunks_enlarged: 1874.
num_inconsistent_stats: 0.

CodeCache: size=49152Kb used=10724Kb max_used=11200Kb free=38427Kb
 bounds [0x0000017efa160000, 0x0000017efac90000, 0x0000017efd160000]
 total_blobs=6674 nmethods=5971 adapters=627
 compilation: enabled
              stopped_count=0, restarted_count=0
 full_count=0

Compilation events (20 events):
Event: 931.903 Thread 0x0000017eff92c5c0 5966       1       java.nio.channels.spi.AbstractSelector::begin (48 bytes)
Event: 1159.694 Thread 0x0000017eff92c5c0 nmethod 5966 0x0000017efa9ad190 code [0x0000017efa9ad360, 0x0000017efa9ad748]
Event: 1172.579 Thread 0x0000017eff92c5c0 5970       1       org.apache.tomcat.util.net.NioEndpoint$NioSocketWrapper::interestOpsHas (16 bytes)
Event: 1176.687 Thread 0x0000017eff92c5c0 nmethod 5970 0x0000017efa9ace90 code [0x0000017efa9ad020, 0x0000017efa9ad0f8]
Event: 1177.579 Thread 0x0000017eff92c5c0 5968       1       java.nio.channels.SelectionKey::attachment (5 bytes)
Event: 1177.579 Thread 0x0000017eff92c5c0 nmethod 5968 0x0000017efa9acb90 code [0x0000017efa9acd20, 0x0000017efa9acdd8]
Event: 1385.151 Thread 0x0000017eff92c5c0 5972       1       com.mysql.cj.protocol.a.result.OkPacket::getStatusFlags (5 bytes)
Event: 1385.283 Thread 0x0000017eff92c5c0 nmethod 5972 0x0000017efa9ac890 code [0x0000017efa9aca20, 0x0000017efa9acad8]
Event: 1411.492 Thread 0x0000017eff92c5c0 5973   !   1       org.apache.catalina.core.StandardContext::getLoader (38 bytes)
Event: 1413.644 Thread 0x0000017eff92c5c0 nmethod 5973 0x0000017efa9ac110 code [0x0000017efa9ac300, 0x0000017efa9ac5f8]
Event: 1486.629 Thread 0x0000017eff92c5c0 5974       1       ch.qos.logback.core.pattern.Converter::getNext (5 bytes)
Event: 1487.296 Thread 0x0000017eff92c5c0 nmethod 5974 0x0000017efa9abe10 code [0x0000017efa9abfa0, 0x0000017efa9ac058]
Event: 1489.193 Thread 0x0000017eff92c5c0 5975       1       java.util.HashMap$Values::toArray (16 bytes)
Event: 1490.743 Thread 0x0000017eff92c5c0 nmethod 5975 0x0000017efa9aba90 code [0x0000017efa9abc40, 0x0000017efa9abd58]
Event: 1492.607 Thread 0x0000017eff92c5c0 5976       1       com.mysql.cj.jdbc.StatementImpl::checkClosed (29 bytes)
Event: 1496.020 Thread 0x0000017eff92c5c0 nmethod 5976 0x0000017efa9ab610 code [0x0000017efa9ab7c0, 0x0000017efa9ab938]
Event: 1508.871 Thread 0x0000017eff92c5c0 5977   !   1       org.apache.catalina.core.ContainerBase::findChildren (34 bytes)
Event: 1509.062 Thread 0x0000017eff92c5c0 nmethod 5977 0x0000017efa9aaf90 code [0x0000017efa9ab160, 0x0000017efa9ab458]
Event: 1528.894 Thread 0x0000017eff92c5c0 5978       1       java.util.TreeSet::iterator (15 bytes)
Event: 1528.941 Thread 0x0000017eff92c5c0 nmethod 5978 0x0000017efa9aac10 code [0x0000017efa9aadc0, 0x0000017efa9aaed8]

GC Heap History (20 events):
Event: 526.995 GC heap after
{Heap after GC invocations=26 (full 0):
 garbage-first heap   total 51200K, used 28591K [0x00000000c1400000, 0x0000000100000000)
  region size 1024K, 1 young (1024K), 1 survivors (1024K)
 Metaspace       used 61436K, committed 62016K, reserved 1114112K
  class space    used 8491K, committed 8768K, reserved 1048576K
}
Event: 604.592 GC heap before
{Heap before GC invocations=26 (full 0):
 garbage-first heap   total 51200K, used 40879K [0x00000000c1400000, 0x0000000100000000)
  region size 1024K, 14 young (14336K), 1 survivors (1024K)
 Metaspace       used 64090K, committed 64768K, reserved 1114112K
  class space    used 8843K, committed 9152K, reserved 1048576K
}
Event: 607.174 GC heap after
{Heap after GC invocations=27 (full 0):
 garbage-first heap   total 51200K, used 29255K [0x00000000c1400000, 0x0000000100000000)
  region size 1024K, 1 young (1024K), 1 survivors (1024K)
 Metaspace       used 64090K, committed 64768K, reserved 1114112K
  class space    used 8843K, committed 9152K, reserved 1048576K
}
Event: 611.093 GC heap before
{Heap before GC invocations=27 (full 0):
 garbage-first heap   total 51200K, used 30279K [0x00000000c1400000, 0x0000000100000000)
  region size 1024K, 2 young (2048K), 1 survivors (1024K)
 Metaspace       used 64279K, committed 64896K, reserved 1114112K
  class space    used 8870K, committed 9152K, reserved 1048576K
}
Event: 611.529 GC heap after
{Heap after GC invocations=28 (full 0):
 garbage-first heap   total 51200K, used 29337K [0x00000000c1400000, 0x0000000100000000)
  region size 1024K, 1 young (1024K), 1 survivors (1024K)
 Metaspace       used 64279K, committed 64896K, reserved 1114112K
  class space    used 8870K, committed 9152K, reserved 1048576K
}
Event: 625.904 GC heap before
{Heap before GC invocations=29 (full 0):
 garbage-first heap   total 53248K, used 30361K [0x00000000c1400000, 0x0000000100000000)
  region size 1024K, 2 young (2048K), 1 survivors (1024K)
 Metaspace       used 64361K, committed 65152K, reserved 1114112K
  class space    used 8872K, committed 9216K, reserved 1048576K
}
Event: 625.907 GC heap after
{Heap after GC invocations=30 (full 0):
 garbage-first heap   total 53248K, used 29351K [0x00000000c1400000, 0x0000000100000000)
  region size 1024K, 1 young (1024K), 1 survivors (1024K)
 Metaspace       used 64361K, committed 65152K, reserved 1114112K
  class space    used 8872K, committed 9216K, reserved 1048576K
}
Event: 629.903 GC heap before
{Heap before GC invocations=30 (full 0):
 garbage-first heap   total 53248K, used 29351K [0x00000000c1400000, 0x0000000100000000)
  region size 1024K, 2 young (2048K), 1 survivors (1024K)
 Metaspace       used 64514K, committed 65152K, reserved 1114112K
  class space    used 8898K, committed 9216K, reserved 1048576K
}
Event: 629.906 GC heap after
{Heap after GC invocations=31 (full 0):
 garbage-first heap   total 53248K, used 29075K [0x00000000c1400000, 0x0000000100000000)
  region size 1024K, 1 young (1024K), 1 survivors (1024K)
 Metaspace       used 64514K, committed 65152K, reserved 1114112K
  class space    used 8898K, committed 9216K, reserved 1048576K
}
Event: 630.624 GC heap before
{Heap before GC invocations=31 (full 0):
 garbage-first heap   total 53248K, used 29075K [0x00000000c1400000, 0x0000000100000000)
  region size 1024K, 2 young (2048K), 1 survivors (1024K)
 Metaspace       used 64672K, committed 65280K, reserved 1114112K
  class space    used 8921K, committed 9216K, reserved 1048576K
}
Event: 630.644 GC heap after
{Heap after GC invocations=32 (full 0):
 garbage-first heap   total 53248K, used 28778K [0x00000000c1400000, 0x0000000100000000)
  region size 1024K, 1 young (1024K), 1 survivors (1024K)
 Metaspace       used 64672K, committed 65280K, reserved 1114112K
  class space    used 8921K, committed 9216K, reserved 1048576K
}
Event: 714.986 GC heap before
{Heap before GC invocations=32 (full 0):
 garbage-first heap   total 53248K, used 29802K [0x00000000c1400000, 0x0000000100000000)
  region size 1024K, 2 young (2048K), 1 survivors (1024K)
 Metaspace       used 64680K, committed 65280K, reserved 1114112K
  class space    used 8922K, committed 9216K, reserved 1048576K
}
Event: 827.667 GC heap after
{Heap after GC invocations=33 (full 0):
 garbage-first heap   total 69632K, used 28450K [0x00000000c1400000, 0x0000000100000000)
  region size 1024K, 1 young (1024K), 1 survivors (1024K)
 Metaspace       used 64680K, committed 65280K, reserved 1114112K
  class space    used 8922K, committed 9216K, reserved 1048576K
}
Event: 1305.310 GC heap before
{Heap before GC invocations=33 (full 0):
 garbage-first heap   total 69632K, used 30498K [0x00000000c1400000, 0x0000000100000000)
  region size 1024K, 3 young (3072K), 1 survivors (1024K)
 Metaspace       used 64691K, committed 65280K, reserved 1114112K
  class space    used 8922K, committed 9216K, reserved 1048576K
}
Event: 1370.020 GC heap after
{Heap after GC invocations=34 (full 0):
 garbage-first heap   total 69632K, used 28122K [0x00000000c1400000, 0x0000000100000000)
  region size 1024K, 1 young (1024K), 1 survivors (1024K)
 Metaspace       used 64691K, committed 65280K, reserved 1114112K
  class space    used 8922K, committed 9216K, reserved 1048576K
}
Event: 1462.695 GC heap before
{Heap before GC invocations=34 (full 0):
 garbage-first heap   total 69632K, used 30170K [0x00000000c1400000, 0x0000000100000000)
  region size 1024K, 3 young (3072K), 1 survivors (1024K)
 Metaspace       used 64705K, committed 65280K, reserved 1114112K
  class space    used 8924K, committed 9216K, reserved 1048576K
}
Event: 1468.839 GC heap after
{Heap after GC invocations=35 (full 0):
 garbage-first heap   total 69632K, used 27922K [0x00000000c1400000, 0x0000000100000000)
  region size 1024K, 1 young (1024K), 1 survivors (1024K)
 Metaspace       used 64705K, committed 65280K, reserved 1114112K
  class space    used 8924K, committed 9216K, reserved 1048576K
}
Event: 1519.455 GC heap before
{Heap before GC invocations=35 (full 0):
 garbage-first heap   total 69632K, used 29970K [0x00000000c1400000, 0x0000000100000000)
  region size 1024K, 3 young (3072K), 1 survivors (1024K)
 Metaspace       used 64729K, committed 65280K, reserved 1114112K
  class space    used 8929K, committed 9216K, reserved 1048576K
}
Event: 1526.877 GC heap after
{Heap after GC invocations=36 (full 0):
 garbage-first heap   total 69632K, used 27673K [0x00000000c1400000, 0x0000000100000000)
  region size 1024K, 1 young (1024K), 1 survivors (1024K)
 Metaspace       used 64729K, committed 65280K, reserved 1114112K
  class space    used 8929K, committed 9216K, reserved 1048576K
}
Event: 1569.887 GC heap before
{Heap before GC invocations=36 (full 0):
 garbage-first heap   total 69632K, used 29721K [0x00000000c1400000, 0x0000000100000000)
  region size 1024K, 3 young (3072K), 1 survivors (1024K)
 Metaspace       used 64760K, committed 65344K, reserved 1114112K
  class space    used 8933K, committed 9216K, reserved 1048576K
}

Dll operation events (14 events):
Event: 5.036 Loaded shared library C:\Users\hp\.jdks\openjdk-19.0.1\bin\java.dll
Event: 5.402 Loaded shared library C:\Users\hp\.jdks\openjdk-19.0.1\bin\jsvml.dll
Event: 6.558 Loaded shared library C:\Users\hp\.jdks\openjdk-19.0.1\bin\zip.dll
Event: 6.835 Loaded shared library C:\Users\hp\.jdks\openjdk-19.0.1\bin\instrument.dll
Event: 6.917 Loaded shared library C:\Users\hp\.jdks\openjdk-19.0.1\bin\net.dll
Event: 6.920 Loaded shared library C:\Users\hp\.jdks\openjdk-19.0.1\bin\nio.dll
Event: 6.956 Loaded shared library C:\Users\hp\.jdks\openjdk-19.0.1\bin\zip.dll
Event: 22.493 Loaded shared library C:\Users\hp\.jdks\openjdk-19.0.1\bin\jimage.dll
Event: 27.055 Loaded shared library C:\Program Files\JetBrains\IntelliJ IDEA 2022.3.1\bin\breakgen64.dll
Event: 27.576 Loaded shared library C:\Users\hp\.jdks\openjdk-19.0.1\bin\extnet.dll
Event: 29.184 Loaded shared library C:\Users\hp\.jdks\openjdk-19.0.1\bin\management.dll
Event: 30.427 Loaded shared library C:\Users\hp\.jdks\openjdk-19.0.1\bin\management_ext.dll
Event: 64.953 Loaded shared library C:\Users\hp\.jdks\openjdk-19.0.1\bin\verify.dll
Event: 98.446 Loaded shared library C:\Users\hp\.jdks\openjdk-19.0.1\bin\sunmscapi.dll

Deoptimization events (12 events):
Event: 35.016 Thread 0x0000017ef220bfe0 DEOPT PACKING pc=0x0000017efa2eb8d5 sp=0x00000032935fd380
Event: 35.016 Thread 0x0000017ef220bfe0 DEOPT UNPACKING pc=0x0000017efa1c7543 sp=0x00000032935fc830 mode 3
Event: 35.044 Thread 0x0000017ef220bfe0 DEOPT PACKING pc=0x0000017efa2cdd50 sp=0x00000032935fd350
Event: 35.044 Thread 0x0000017ef220bfe0 DEOPT UNPACKING pc=0x0000017efa1c7543 sp=0x00000032935fc808 mode 3
Event: 67.569 Thread 0x0000017e865574b0 DEOPT PACKING pc=0x0000017efa5705b9 sp=0x0000003294efd250
Event: 67.569 Thread 0x0000017e865574b0 DEOPT UNPACKING pc=0x0000017efa1c7543 sp=0x0000003294efc730 mode 3
Event: 134.153 Thread 0x0000017e865574b0 DEOPT PACKING pc=0x0000017efa566c24 sp=0x0000003294efc4b0
Event: 134.154 Thread 0x0000017e865574b0 DEOPT UNPACKING pc=0x0000017efa1c7543 sp=0x0000003294efba08 mode 0
Event: 136.792 Thread 0x0000017e865574b0 DEOPT PACKING pc=0x0000017efa546eba sp=0x0000003294efdce0
Event: 136.792 Thread 0x0000017e865574b0 DEOPT UNPACKING pc=0x0000017efa1c7543 sp=0x0000003294efd1e8 mode 3
Event: 136.792 Thread 0x0000017e865574b0 DEOPT PACKING pc=0x0000017efa550e4c sp=0x0000003294efdca0
Event: 136.792 Thread 0x0000017e865574b0 DEOPT UNPACKING pc=0x0000017efa1c7543 sp=0x0000003294efd1e8 mode 3

Classes loaded (20 events):
Event: 565.391 Loading class java/lang/invoke/ConstantBootstraps
Event: 565.476 Loading class java/lang/invoke/ConstantBootstraps done
Event: 573.069 Loading class sun/nio/cs/ThreadLocalCoders
Event: 573.172 Loading class sun/nio/cs/ThreadLocalCoders done
Event: 573.172 Loading class sun/nio/cs/ThreadLocalCoders$1
Event: 573.182 Loading class sun/nio/cs/ThreadLocalCoders$Cache
Event: 573.182 Loading class sun/nio/cs/ThreadLocalCoders$Cache done
Event: 573.182 Loading class sun/nio/cs/ThreadLocalCoders$1 done
Event: 573.182 Loading class sun/nio/cs/ThreadLocalCoders$2
Event: 573.182 Loading class sun/nio/cs/ThreadLocalCoders$2 done
Event: 587.651 Loading class java/time/format/DateTimeFormatterBuilder$ZoneTextPrinterParser
Event: 587.773 Loading class java/time/format/DateTimeFormatterBuilder$ZoneTextPrinterParser done
Event: 587.773 Loading class java/time/format/DateTimeFormatterBuilder$ReducedPrinterParser
Event: 587.774 Loading class java/time/format/DateTimeFormatterBuilder$ReducedPrinterParser done
Event: 588.277 Loading class java/io/PushbackInputStream
Event: 588.509 Loading class java/io/PushbackInputStream done
Event: 589.897 Loading class org/w3c/dom/Node
Event: 589.916 Loading class org/w3c/dom/Node done
Event: 589.916 Loading class org/w3c/dom/Document
Event: 589.916 Loading class org/w3c/dom/Document done

Classes unloaded (20 events):
Event: 613.138 Thread 0x0000017ef22cec80 Unloading class 0x0000000801355800 'java/lang/invoke/LambdaForm$MH+0x0000000801355800'
Event: 613.138 Thread 0x0000017ef22cec80 Unloading class 0x0000000801355400 'java/lang/invoke/LambdaForm$MH+0x0000000801355400'
Event: 613.138 Thread 0x0000017ef22cec80 Unloading class 0x0000000801355000 'java/lang/invoke/LambdaForm$MH+0x0000000801355000'
Event: 613.138 Thread 0x0000017ef22cec80 Unloading class 0x0000000801354800 'java/lang/invoke/LambdaForm$MH+0x0000000801354800'
Event: 613.138 Thread 0x0000017ef22cec80 Unloading class 0x0000000801354000 'java/lang/invoke/LambdaForm$MH+0x0000000801354000'
Event: 613.385 Thread 0x0000017ef22cec80 Unloading class 0x0000000801008000 'java/lang/invoke/LambdaForm$MH+0x0000000801008000'
Event: 613.385 Thread 0x0000017ef22cec80 Unloading class 0x00000008010c2800 'java/lang/invoke/LambdaForm$MH+0x00000008010c2800'
Event: 613.385 Thread 0x0000017ef22cec80 Unloading class 0x000000080121c000 'java/lang/invoke/LambdaForm$MH+0x000000080121c000'
Event: 613.385 Thread 0x0000017ef22cec80 Unloading class 0x0000000801104c00 'java/lang/invoke/LambdaForm$MH+0x0000000801104c00'
Event: 613.385 Thread 0x0000017ef22cec80 Unloading class 0x0000000801104800 'java/lang/invoke/LambdaForm$MH+0x0000000801104800'
Event: 613.385 Thread 0x0000017ef22cec80 Unloading class 0x00000008010c2000 'java/lang/invoke/LambdaForm$MH+0x00000008010c2000'
Event: 613.385 Thread 0x0000017ef22cec80 Unloading class 0x000000080100bc00 'java/lang/invoke/LambdaForm$MH+0x000000080100bc00'
Event: 613.385 Thread 0x0000017ef22cec80 Unloading class 0x000000080100ac00 'java/lang/invoke/LambdaForm$MH+0x000000080100ac00'
Event: 613.385 Thread 0x0000017ef22cec80 Unloading class 0x000000080100a800 'java/lang/invoke/LambdaForm$MH+0x000000080100a800'
Event: 613.385 Thread 0x0000017ef22cec80 Unloading class 0x000000080100a000 'java/lang/invoke/LambdaForm$MH+0x000000080100a000'
Event: 613.385 Thread 0x0000017ef22cec80 Unloading class 0x0000000801009400 'java/lang/invoke/LambdaForm$MH+0x0000000801009400'
Event: 613.385 Thread 0x0000017ef22cec80 Unloading class 0x0000000801006c00 'java/lang/invoke/LambdaForm$MH+0x0000000801006c00'
Event: 613.385 Thread 0x0000017ef22cec80 Unloading class 0x0000000801006400 'java/lang/invoke/LambdaForm$MH+0x0000000801006400'
Event: 613.385 Thread 0x0000017ef22cec80 Unloading class 0x0000000801005c00 'java/lang/invoke/LambdaForm$MH+0x0000000801005c00'
Event: 613.385 Thread 0x0000017ef22cec80 Unloading class 0x0000000801005400 'java/lang/invoke/LambdaForm$MH+0x0000000801005400'

Classes redefined (0 events):
No events

Internal exceptions (20 events):
Event: 135.182 Thread 0x0000017e865574b0 Exception <a 'java/lang/IncompatibleClassChangeError'{0x00000000c3ef69d0}: Found class java.lang.Object, but interface was expected> (0x00000000c3ef69d0) 
thrown [s\open\src\hotspot\share\interpreter\linkResolver.cpp, line 841]
Event: 135.339 Thread 0x0000017e865574b0 Exception <a 'java/io/FileNotFoundException'{0x00000000c3ba4b30}> (0x00000000c3ba4b30) 
thrown [s\open\src\hotspot\share\prims\jni.cpp, line 517]
Event: 135.340 Thread 0x0000017e865574b0 Exception <a 'java/io/FileNotFoundException'{0x00000000c3bae900}> (0x00000000c3bae900) 
thrown [s\open\src\hotspot\share\prims\jni.cpp, line 517]
Event: 135.386 Thread 0x0000017e865574b0 Exception <a 'java/lang/NoSuchMethodError'{0x00000000c3ae0e50}: 'java.lang.Object java.lang.invoke.DirectMethodHandle$Holder.invokeInterface(java.lang.Object, java.lang.Object, java.lang.Object, java.lang.Object)'> (0x00000000c3ae0e50) 
thrown [s\open\src\hotspot\share\interpreter\linkResolver.cpp, line 774]
Event: 135.521 Thread 0x0000017e865574b0 Exception <a 'java/lang/NoSuchMethodError'{0x00000000c53094b8}: 'java.lang.Object java.lang.invoke.DirectMethodHandle$Holder.newInvokeSpecial(java.lang.Object, java.lang.Object, java.lang.Object, java.lang.Object, java.lang.Object, java.lang.Object, java.lang.Object, java.lang.Object)'> (0x00000000c53094b8) 
thrown [s\open\src\hotspot\share\interpreter\linkResolver.cpp, line 774]
Event: 136.177 Thread 0x0000017e865574b0 Exception <a 'java/lang/NoSuchMethodError'{0x00000000c3e89e48}: 'void java.lang.invoke.DirectMethodHandle$Holder.invokeVirtual(java.lang.Object, java.lang.Object, long)'> (0x00000000c3e89e48) 
thrown [s\open\src\hotspot\share\interpreter\linkResolver.cpp, line 774]
Event: 136.845 Thread 0x0000017e865574b0 Exception <a 'java/lang/IncompatibleClassChangeError'{0x00000000c38e1160}: Found class java.lang.Object, but interface was expected> (0x00000000c38e1160) 
thrown [s\open\src\hotspot\share\interpreter\linkResolver.cpp, line 841]
Event: 136.940 Thread 0x0000017e865574b0 Exception <a 'java/lang/NoSuchMethodError'{0x00000000c5381120}: 'int java.lang.invoke.DirectMethodHandle$Holder.invokeStaticInit(java.lang.Object, java.lang.Object, java.lang.Object, java.lang.Object)'> (0x00000000c5381120) 
thrown [s\open\src\hotspot\share\interpreter\linkResolver.cpp, line 774]
Event: 137.696 Thread 0x0000017e865574b0 Exception <a 'java/lang/NoSuchMethodError'{0x00000000c3e07f48}: 'java.lang.Object java.lang.invoke.DirectMethodHandle$Holder.newInvokeSpecial(java.lang.Object, java.lang.Object, int, java.lang.Object, java.lang.Object)'> (0x00000000c3e07f48) 
thrown [s\open\src\hotspot\share\interpreter\linkResolver.cpp, line 774]
Event: 137.698 Thread 0x0000017e865574b0 Exception <a 'java/lang/NoSuchMethodError'{0x00000000c3e132f0}: 'java.lang.Object java.lang.invoke.DirectMethodHandle$Holder.invokeSpecial(java.lang.Object, java.lang.Object, int, java.lang.Object, int, java.lang.Object)'> (0x00000000c3e132f0) 
thrown [s\open\src\hotspot\share\interpreter\linkResolver.cpp, line 774]
Event: 137.698 Thread 0x0000017e865574b0 Exception <a 'java/lang/NoSuchMethodError'{0x00000000c3e1b2f8}: 'java.lang.Object java.lang.invoke.DirectMethodHandle$Holder.newInvokeSpecial(java.lang.Object, java.lang.Object, int, java.lang.Object, int)'> (0x00000000c3e1b2f8) 
thrown [s\open\src\hotspot\share\interpreter\linkResolver.cpp, line 774]
Event: 137.698 Thread 0x0000017e865574b0 Exception <a 'java/lang/NoSuchMethodError'{0x00000000c3e1f410}: 'java.lang.Object java.lang.invoke.DirectMethodHandle$Holder.invokeSpecial(java.lang.Object, java.lang.Object, java.lang.Object, int, java.lang.Object, int)'> (0x00000000c3e1f410) 
thrown [s\open\src\hotspot\share\interpreter\linkResolver.cpp, line 774]
Event: 572.809 Thread 0x0000017effd02420 Exception <a 'java/lang/NoSuchMethodError'{0x00000000c44a0a50}: 'java.lang.Object java.lang.invoke.DirectMethodHandle$Holder.invokeSpecial(java.lang.Object, java.lang.Object, java.lang.Object, java.lang.Object, java.lang.Object, long)'> (0x00000000c44a0a50) 
thrown [s\open\src\hotspot\share\interpreter\linkResolver.cpp, line 774]
Event: 572.815 Thread 0x0000017effd02420 Exception <a 'java/lang/NoSuchMethodError'{0x00000000c44a44a0}: 'java.lang.Object java.lang.invoke.Invokers$Holder.linkToTargetMethod(java.lang.Object, java.lang.Object, java.lang.Object, long, java.lang.Object)'> (0x00000000c44a44a0) 
thrown [s\open\src\hotspot\share\interpreter\linkResolver.cpp, line 774]
Event: 591.280 Thread 0x0000017effd02420 Exception <a 'java/lang/NoSuchMethodError'{0x00000000c3b6ed48}: 'long java.lang.invoke.DirectMethodHandle$Holder.invokeStatic(java.lang.Object, java.lang.Object, int)'> (0x00000000c3b6ed48) 
thrown [s\open\src\hotspot\share\interpreter\linkResolver.cpp, line 774]
Event: 591.397 Thread 0x0000017effd02420 Exception <a 'java/lang/NoSuchMethodError'{0x00000000c3b797b0}: 'void java.lang.invoke.DelegatingMethodHandle$Holder.reinvoke_L(java.lang.Object, java.lang.Object, long)'> (0x00000000c3b797b0) 
thrown [s\open\src\hotspot\share\interpreter\linkResolver.cpp, line 774]
Event: 593.408 Thread 0x0000017effd02420 Exception <a 'java/lang/NoSuchMethodError'{0x00000000c3ad1b00}: 'long java.lang.invoke.DelegatingMethodHandle$Holder.reinvoke_L(java.lang.Object, java.lang.Object)'> (0x00000000c3ad1b00) 
thrown [s\open\src\hotspot\share\interpreter\linkResolver.cpp, line 774]
Event: 593.459 Thread 0x0000017effd02420 Exception <a 'java/lang/NoSuchMethodError'{0x00000000c3ad8b48}: 'long java.lang.invoke.Invokers$Holder.invokeExact_MT(java.lang.Object, java.lang.Object, java.lang.Object)'> (0x00000000c3ad8b48) 
thrown [s\open\src\hotspot\share\interpreter\linkResolver.cpp, line 774]
Event: 607.178 Thread 0x0000017effd02420 Exception <a 'java/lang/NoSuchMethodError'{0x00000000c5338e00}: 'java.lang.Object java.lang.invoke.DirectMethodHandle$Holder.invokeInterface(java.lang.Object, java.lang.Object, java.lang.Object, java.lang.Object, java.lang.Object)'> (0x00000000c5338e00) 
thrown [s\open\src\hotspot\share\interpreter\linkResolver.cpp, line 774]
Event: 611.794 Thread 0x0000017effd02420 Exception <a 'java/lang/IncompatibleClassChangeError'{0x00000000c534c440}: Found class java.lang.Object, but interface was expected> (0x00000000c534c440) 
thrown [s\open\src\hotspot\share\interpreter\linkResolver.cpp, line 841]

VM Operations (20 events):
Event: 625.752 Executing VM operation: G1PauseCleanup done
Event: 625.866 Executing VM operation: G1CollectForAllocation
Event: 625.907 Executing VM operation: G1CollectForAllocation done
Event: 629.744 Executing VM operation: HandshakeAllThreads
Event: 629.744 Executing VM operation: HandshakeAllThreads done
Event: 629.903 Executing VM operation: G1CollectForAllocation
Event: 629.906 Executing VM operation: G1CollectForAllocation done
Event: 630.624 Executing VM operation: G1CollectForAllocation
Event: 630.644 Executing VM operation: G1CollectForAllocation done
Event: 692.744 Executing VM operation: G1CollectForAllocation
Event: 838.589 Executing VM operation: G1CollectForAllocation done
Event: 1186.819 Executing VM operation: Cleanup
Event: 1292.097 Executing VM operation: Cleanup done
Event: 1293.178 Executing VM operation: G1CollectForAllocation
Event: 1371.413 Executing VM operation: G1CollectForAllocation done
Event: 1420.716 Executing VM operation: G1CollectForAllocation
Event: 1468.839 Executing VM operation: G1CollectForAllocation done
Event: 1519.014 Executing VM operation: G1CollectForAllocation
Event: 1527.083 Executing VM operation: G1CollectForAllocation done
Event: 1569.886 Executing VM operation: G1CollectForAllocation

Events (20 events):
Event: 137.634 Thread 0x0000017effd01ed0 Thread added: 0x0000017effd01ed0
Event: 137.761 Thread 0x0000017effd01980 Thread added: 0x0000017effd01980
Event: 137.761 Thread 0x0000017effd02420 Thread added: 0x0000017effd02420
Event: 137.761 Thread 0x0000017e88012580 Thread added: 0x0000017e88012580
Event: 137.762 Thread 0x0000017e88019a60 Thread added: 0x0000017e88019a60
Event: 137.762 Thread 0x0000017e88012030 Thread added: 0x0000017e88012030
Event: 137.762 Thread 0x0000017e88013020 Thread added: 0x0000017e88013020
Event: 137.762 Thread 0x0000017e88012ad0 Thread added: 0x0000017e88012ad0
Event: 137.763 Thread 0x0000017e88014560 Thread added: 0x0000017e88014560
Event: 137.763 Thread 0x0000017e88016a90 Thread added: 0x0000017e88016a90
Event: 137.763 Thread 0x0000017e88015000 Thread added: 0x0000017e88015000
Event: 137.877 Thread 0x0000017e88014010 Thread added: 0x0000017e88014010
Event: 137.879 Thread 0x0000017e88013570 Thread added: 0x0000017e88013570
Event: 137.943 Thread 0x0000017e865574b0 Thread exited: 0x0000017e865574b0
Event: 138.124 Thread 0x0000017e8656eed0 Thread exited: 0x0000017e8656eed0
Event: 138.124 Thread 0x0000017ef220bfe0 Thread exited: 0x0000017ef220bfe0
Event: 138.124 Thread 0x0000017e88018fc0 Thread added: 0x0000017e88018fc0
Event: 139.353 Thread 0x0000017e877b6040 Thread exited: 0x0000017e877b6040
Event: 586.846 Thread 0x0000017e877b6040 Thread added: 0x0000017e877b6040
Event: 593.385 Thread 0x0000017e877b6040 Thread exited: 0x0000017e877b6040


Dynamic libraries:
0x00007ff69a030000 - 0x00007ff69a03e000 	C:\Users\hp\.jdks\openjdk-19.0.1\bin\java.exe
0x00007ff8fb6d0000 - 0x00007ff8fb8c8000 	C:\WINDOWS\SYSTEM32\ntdll.dll
0x00007ff8f9d60000 - 0x00007ff8f9e1f000 	C:\WINDOWS\System32\KERNEL32.DLL
0x00007ff8f8ea0000 - 0x00007ff8f9172000 	C:\WINDOWS\System32\KERNELBASE.dll
0x00007ff8f93a0000 - 0x00007ff8f94a0000 	C:\WINDOWS\System32\ucrtbase.dll
0x00007ff8f5190000 - 0x00007ff8f51ab000 	C:\Users\hp\.jdks\openjdk-19.0.1\bin\VCRUNTIME140.dll
0x00007ff8f51b0000 - 0x00007ff8f51c7000 	C:\Users\hp\.jdks\openjdk-19.0.1\bin\jli.dll
0x00007ff8fb3a0000 - 0x00007ff8fb541000 	C:\WINDOWS\System32\USER32.dll
0x00007ff8f8dc0000 - 0x00007ff8f8de2000 	C:\WINDOWS\System32\win32u.dll
0x00007ff8db350000 - 0x00007ff8db5ea000 	C:\WINDOWS\WinSxS\amd64_microsoft.windows.common-controls_6595b64144ccf1df_6.0.19041.1110_none_60b5254171f9507e\COMCTL32.dll
0x00007ff8fa760000 - 0x00007ff8fa78b000 	C:\WINDOWS\System32\GDI32.dll
0x00007ff8fa0f0000 - 0x00007ff8fa18e000 	C:\WINDOWS\System32\msvcrt.dll
0x00007ff8f9180000 - 0x00007ff8f928f000 	C:\WINDOWS\System32\gdi32full.dll
0x00007ff8f9290000 - 0x00007ff8f932d000 	C:\WINDOWS\System32\msvcp_win.dll
0x00007ff8fa6b0000 - 0x00007ff8fa6e2000 	C:\WINDOWS\System32\IMM32.DLL
0x00007ff8f6480000 - 0x00007ff8f648c000 	C:\Users\hp\.jdks\openjdk-19.0.1\bin\vcruntime140_1.dll
0x00007ff8f36b0000 - 0x00007ff8f373e000 	C:\Users\hp\.jdks\openjdk-19.0.1\bin\msvcp140.dll
0x00007ff8b8aa0000 - 0x00007ff8b9760000 	C:\Users\hp\.jdks\openjdk-19.0.1\bin\server\jvm.dll
0x00007ff8fa190000 - 0x00007ff8fa23e000 	C:\WINDOWS\System32\ADVAPI32.dll
0x00007ff8fb140000 - 0x00007ff8fb1dc000 	C:\WINDOWS\System32\sechost.dll
0x00007ff8fb250000 - 0x00007ff8fb375000 	C:\WINDOWS\System32\RPCRT4.dll
0x00007ff8f61d0000 - 0x00007ff8f61d9000 	C:\WINDOWS\SYSTEM32\WSOCK32.dll
0x00007ff8fb1e0000 - 0x00007ff8fb24b000 	C:\WINDOWS\System32\WS2_32.dll
0x00007ff8d3240000 - 0x00007ff8d3267000 	C:\WINDOWS\SYSTEM32\WINMM.dll
0x00007ff8eaa10000 - 0x00007ff8eaa1a000 	C:\WINDOWS\SYSTEM32\VERSION.dll
0x00007ff8f7950000 - 0x00007ff8f7962000 	C:\WINDOWS\SYSTEM32\kernel.appcore.dll
0x00007ff8f5f80000 - 0x00007ff8f5f8a000 	C:\Users\hp\.jdks\openjdk-19.0.1\bin\jimage.dll
0x00007ff8f7310000 - 0x00007ff8f74f4000 	C:\WINDOWS\SYSTEM32\DBGHELP.DLL
0x00007ff8e2ac0000 - 0x00007ff8e2af5000 	C:\WINDOWS\SYSTEM32\dbgcore.DLL
0x00007ff8f94a0000 - 0x00007ff8f9522000 	C:\WINDOWS\System32\bcryptPrimitives.dll
0x00007ff8f5060000 - 0x00007ff8f506e000 	C:\Users\hp\.jdks\openjdk-19.0.1\bin\instrument.dll
0x00007ff8f44a0000 - 0x00007ff8f44c6000 	C:\Users\hp\.jdks\openjdk-19.0.1\bin\java.dll
0x00007ff8f0d60000 - 0x00007ff8f0e37000 	C:\Users\hp\.jdks\openjdk-19.0.1\bin\jsvml.dll
0x00007ff8fa790000 - 0x00007ff8faed4000 	C:\WINDOWS\System32\SHELL32.dll
0x00007ff8f6aa0000 - 0x00007ff8f7232000 	C:\WINDOWS\SYSTEM32\windows.storage.dll
0x00007ff8f97a0000 - 0x00007ff8f9af5000 	C:\WINDOWS\System32\combase.dll
0x00007ff8f8740000 - 0x00007ff8f8770000 	C:\WINDOWS\SYSTEM32\Wldp.dll
0x00007ff8faee0000 - 0x00007ff8faf8d000 	C:\WINDOWS\System32\SHCORE.dll
0x00007ff8f9fe0000 - 0x00007ff8fa035000 	C:\WINDOWS\System32\shlwapi.dll
0x00007ff8f8d00000 - 0x00007ff8f8d1f000 	C:\WINDOWS\SYSTEM32\profapi.dll
0x00007ff8f1ce0000 - 0x00007ff8f1cf8000 	C:\Users\hp\.jdks\openjdk-19.0.1\bin\zip.dll
0x00007ff8f4480000 - 0x00007ff8f4493000 	C:\Users\hp\.jdks\openjdk-19.0.1\bin\net.dll
0x00007ff8eae80000 - 0x00007ff8eaf8c000 	C:\WINDOWS\SYSTEM32\WINHTTP.dll
0x00007ff8f84a0000 - 0x00007ff8f850a000 	C:\WINDOWS\system32\mswsock.dll
0x00007ff8f4460000 - 0x00007ff8f4476000 	C:\Users\hp\.jdks\openjdk-19.0.1\bin\nio.dll
0x00007ff8eb400000 - 0x00007ff8eb41a000 	C:\Program Files\JetBrains\IntelliJ IDEA 2022.3.1\bin\breakgen64.dll
0x00007ff8f1010000 - 0x00007ff8f1018000 	C:\Users\hp\.jdks\openjdk-19.0.1\bin\extnet.dll
0x00007ff8f81d0000 - 0x00007ff8f829a000 	C:\WINDOWS\SYSTEM32\DNSAPI.dll
0x00007ff8f8190000 - 0x00007ff8f81cb000 	C:\WINDOWS\SYSTEM32\IPHLPAPI.DLL
0x00007ff8f9e20000 - 0x00007ff8f9e28000 	C:\WINDOWS\System32\NSI.dll
0x00007ff8e6f70000 - 0x00007ff8e6f7a000 	C:\Windows\System32\rasadhlp.dll
0x00007ff8e9350000 - 0x00007ff8e93d0000 	C:\WINDOWS\System32\fwpuclnt.dll
0x00007ff8f96e0000 - 0x00007ff8f9707000 	C:\WINDOWS\System32\bcrypt.dll
0x00007ff8f1040000 - 0x00007ff8f104a000 	C:\Users\hp\.jdks\openjdk-19.0.1\bin\management.dll
0x00007ff8f1030000 - 0x00007ff8f103b000 	C:\Users\hp\.jdks\openjdk-19.0.1\bin\management_ext.dll
0x00007ff8f9d50000 - 0x00007ff8f9d58000 	C:\WINDOWS\System32\PSAPI.DLL
0x00007ff8f8690000 - 0x00007ff8f86a8000 	C:\WINDOWS\SYSTEM32\CRYPTSP.dll
0x00007ff8f7dc0000 - 0x00007ff8f7df4000 	C:\WINDOWS\system32\rsaenh.dll
0x00007ff8f8c80000 - 0x00007ff8f8cae000 	C:\WINDOWS\SYSTEM32\USERENV.dll
0x00007ff8f86b0000 - 0x00007ff8f86bc000 	C:\WINDOWS\SYSTEM32\CRYPTBASE.dll
0x00007ff8ef510000 - 0x00007ff8ef527000 	C:\WINDOWS\SYSTEM32\dhcpcsvc6.DLL
0x00007ff8ef620000 - 0x00007ff8ef63d000 	C:\WINDOWS\SYSTEM32\dhcpcsvc.DLL
0x00007ff8defa0000 - 0x00007ff8defb7000 	C:\WINDOWS\system32\napinsp.dll
0x00007ff8def80000 - 0x00007ff8def9b000 	C:\WINDOWS\system32\pnrpnsp.dll
0x00007ff8f3430000 - 0x00007ff8f3445000 	C:\WINDOWS\system32\wshbth.dll
0x00007ff8f4390000 - 0x00007ff8f43ad000 	C:\WINDOWS\system32\NLAapi.dll
0x00007ff8def60000 - 0x00007ff8def72000 	C:\WINDOWS\System32\winrnr.dll
0x00007ff8f1cd0000 - 0x00007ff8f1ce0000 	C:\Users\hp\.jdks\openjdk-19.0.1\bin\verify.dll
0x00007ff8f1020000 - 0x00007ff8f102e000 	C:\Users\hp\.jdks\openjdk-19.0.1\bin\sunmscapi.dll
0x00007ff8f9580000 - 0x00007ff8f96d6000 	C:\WINDOWS\System32\CRYPT32.dll
0x00007ff8f87b0000 - 0x00007ff8f87d7000 	C:\WINDOWS\SYSTEM32\ncrypt.dll
0x00007ff8f8770000 - 0x00007ff8f87ab000 	C:\WINDOWS\SYSTEM32\NTASN1.dll
0x00007ff8db2a0000 - 0x00007ff8db2a7000 	C:\WINDOWS\system32\wshunix.dll

dbghelp: loaded successfully - version: 4.0.5 - missing functions: none
symbol engine: initialized successfully - sym options: 0x614 - pdb path: .;C:\Users\hp\.jdks\openjdk-19.0.1\bin;C:\WINDOWS\SYSTEM32;C:\WINDOWS\WinSxS\amd64_microsoft.windows.common-controls_6595b64144ccf1df_6.0.19041.1110_none_60b5254171f9507e;C:\Users\hp\.jdks\openjdk-19.0.1\bin\server;C:\Program Files\JetBrains\IntelliJ IDEA 2022.3.1\bin

VM Arguments:
jvm_args: -XX:TieredStopAtLevel=1 -Dspring.output.ansi.enabled=always -Dcom.sun.management.jmxremote -Dspring.jmx.enabled=true -Dspring.liveBeansView.mbeanDomain -Dspring.application.admin.enabled=true -Dmanagement.endpoints.jmx.exposure.include=* -javaagent:C:\Program Files\JetBrains\IntelliJ IDEA 2022.3.1\lib\idea_rt.jar=55438:C:\Program Files\JetBrains\IntelliJ IDEA 2022.3.1\bin -Dfile.encoding=UTF-8 -Dsun.stdout.encoding=UTF-8 -Dsun.stderr.encoding=UTF-8 
java_command: com.example.bookstoreapp.BookStoreAppApplication
java_class_path (initial): C:\Users\hp\IdeaProjects\CFP SESSION ASSIGNMENT\BookStoreApp\target\classes;C:\Users\hp\.m2\repository\org\springframework\boot\spring-boot-starter-data-jpa\3.0.2\spring-boot-starter-data-jpa-3.0.2.jar;C:\Users\hp\.m2\repository\org\springframework\boot\spring-boot-starter-aop\3.0.2\spring-boot-starter-aop-3.0.2.jar;C:\Users\hp\.m2\repository\org\springframework\spring-aop\6.0.4\spring-aop-6.0.4.jar;C:\Users\hp\.m2\repository\org\aspectj\aspectjweaver\1.9.19\aspectjweaver-1.9.19.jar;C:\Users\hp\.m2\repository\org\springframework\boot\spring-boot-starter-jdbc\3.0.2\spring-boot-starter-jdbc-3.0.2.jar;C:\Users\hp\.m2\repository\com\zaxxer\HikariCP\5.0.1\HikariCP-5.0.1.jar;C:\Users\hp\.m2\repository\org\springframework\spring-jdbc\6.0.4\spring-jdbc-6.0.4.jar;C:\Users\hp\.m2\repository\org\hibernate\orm\hibernate-core\6.1.6.Final\hibernate-core-6.1.6.Final.jar;C:\Users\hp\.m2\repository\jakarta\persistence\jakarta.persistence-api\3.1.0\jakarta.persistence-api-3.1.0.jar;C:\Users\hp\.m2\repository\jakarta\transaction\jakarta.transaction-api\2.0.1\jakarta.transaction-api-2.0.1.jar;C:\Users\hp\.m2\repository\org\jboss\logging\jboss-logging\3.5.0.Final\jboss-logging-3.5.0.Final.jar;C:\Users\hp\.m2\repository\org\hibernate\common\hibernate-commons-annotations\6.0.2.Final\hibernate-commons-annotations-6.0.2.Final.jar;C:\Users\hp\.m2\repository\org\jboss\jandex\2.4.2.Final\jandex-2.4.2.Final.jar;C:\Users\hp\.m2\repository\com\fasterxml\classmate\1.5.1\classmate-1.5.1.jar;C:\Users\hp\.m2\repository\net\bytebuddy\byte-buddy\1.12.22\byte-buddy-1.12.22.jar;C:\Users\hp\.m2\repository\org\glassfish\jaxb\jaxb-runtime\4.0.1\jaxb-runtime-4.0.1.jar;C:\Users\hp\.m2\repository\org\glassfish\jaxb\jaxb-core\4.0.1\jaxb-core-4.0.1.jar;C:\Users\hp\.m2\repository\org\glassfish\jaxb\txw2\4.0.1\txw2-4.0.1.jar;C:\Users\hp\.m2\repository\com\sun\istack\istack-commons-runtime\4.1.1\istack-commons-runtime-4.1.1.jar;C:\Users\hp\.m2\repository\jakarta\inject\jakarta.inject-api\2.0.0\jakarta.inject-api-2.0.0.jar;C:\Users\hp\.m2\repository\org\antlr\antlr4-runtime\4.10.1\antlr4-runtime-4.10.1.jar;C:\Users\hp\.m2\repository\org\springframework\data\spring-data-jpa\3.0.1\spring-data-jpa-3.0.1.jar;C:\Users\hp\.m2\repository\org\springframework\data\spring-data-commons\3.0.1\spring-data-commons-3.0.1.jar;C:\Users\hp\.m2\repository\org\springframework\spring-orm\6.0.4\spring-orm-6.0.4.jar;C:\Users\hp\.m2\repository\org\springframework\spring-context\6.0.4\spring-context-6.0.4.jar;C:\Users\hp\.m2\repository\org\springframework\spring-tx\6.0.4\spring-tx-6.0.4.jar;C:\Users\hp\.m2\repository\org\springframework\spring-beans\6.0.4\spring-beans-6.0.4.jar;C:\Users\hp\.m2\repository\jakarta\annotation\jakarta.annotation-api\2.1.1\jakarta.annotation-api-2.1.1.jar;C:\Users\hp\.m2\repository\org\slf4j\slf4j-api\2.0.6\slf4j-api-2.0.6.jar;C:\Users\hp\.m2\repository\org\springframework\spring-aspects\6.0.4\spring-aspects-6.0.4.jar;C:\Users\hp\.m2\repository\org\springframework\boot\spring-boot-starter-mail\3.0.2\spring-boot-starter-mail-3.0.2.jar;C:\Users\hp\.m2\repository\org\springframework\boot\spring-boot-starter\3.0.2\spring-boot-starter-3.0.2.jar;C:\Users\hp\.m2\repository\org\springframework\boot\spring-boot-starter-logging\3.0.2\spring-boot-starter-logging-3.0.2.jar;C:\Users\hp\.m2\repository\ch\qos\logback\logback-classic\1.4.5\logback-classic-1.4.5.jar;C:\Users\hp\.m2\repository\ch\qos\logback\logback-core\1.4.5\logback-core-1.4.5.jar;C:\Users\hp\.m2\repository\org\apache\logging\log4j\log4j-to-slf4j\2.19.0\log4j-to-slf4j-2.19.0.jar;C:\Users\hp\.m2\repository\org\apache\logging\log4j\log4j-api\2.19.0\log4j-api-2.19.0.jar;C:\Users\hp\.m2\repository\org\slf4j\jul-to-slf4j\2.0.6\jul-to-slf4j-2.0.6.jar;C:\Users\hp\.m2\repository\org\yaml\snakeyaml\1.33\snakeyaml-1.33.jar;C:\Users\hp\.m2\repository\org\springframework\spring-context-support\6.0.4\spring-context-support-6.0.4.jar;C:\Users\hp\.m2\repository\org\eclipse\angus\jakarta.mail\1.0.0\jakarta.mail-1.0.0.jar;C:\Users\hp\.m2\repository\jakarta\activation\jakarta.activation-api\2.1.1\jakarta.activation-api-2.1.1.jar;C:\Users\hp\.m2\repository\org\eclipse\angus\angus-activation\1.0.0\angus-activation-1.0.0.jar;C:\Users\hp\.m2\repository\com\auth0\java-jwt\3.18.2\java-jwt-3.18.2.jar;C:\Users\hp\.m2\repository\com\fasterxml\jackson\core\jackson-databind\2.14.1\jackson-databind-2.14.1.jar;C:\Users\hp\.m2\repository\com\fasterxml\jackson\core\jackson-annotations\2.14.1\jackson-annotations-2.14.1.jar;C:\Users\hp\.m2\repository\com\fasterxml\jackson\core\jackson-core\2.14.1\jackson-core-2.14.1.jar;C:\Users\hp\.m2\repository\org\springframework\boot\spring-boot-starter-validation\3.0.2\spring-boot-starter-validation-3.0.2.jar;C:\Users\hp\.m2\repository\org\apache\tomcat\embed\tomcat-embed-el\10.1.5\tomcat-embed-el-10.1.5.jar;C:\Users\hp\.m2\repository\org\hibernate\validator\hibernate-validator\8.0.0.Final\hibernate-validator-8.0.0.Final.jar;C:\Users\hp\.m2\repository\jakarta\validation\jakarta.validation-api\3.0.2\jakarta.validation-api-3.0.2.jar;C:\Users\hp\.m2\repository\org\springframework\boot\spring-boot-starter-web\3.0.2\spring-boot-starter-web-3.0.2.jar;C:\Users\hp\.m2\repository\org\springframework\boot\spring-boot-starter-json\3.0.2\spring-boot-starter-json-3.0.2.jar;C:\Users\hp\.m2\repository\com\fasterxml\jackson\datatype\jackson-datatype-jdk8\2.14.1\jackson-datatype-jdk8-2.14.1.jar;C:\Users\hp\.m2\repository\com\fasterxml\jackson\datatype\jackson-datatype-jsr310\2.14.1\jackson-datatype-jsr310-2.14.1.jar;C:\Users\hp\.m2\repository\com\fasterxml\jackson\module\jackson-module-parameter-names\2.14.1\jackson-module-parameter-names-2.14.1.jar;C:\Users\hp\.m2\repository\org\springframework\boot\spring-boot-starter-tomcat\3.0.2\spring-boot-starter-tomcat-3.0.2.jar;C:\Users\hp\.m2\repository\org\apache\tomcat\embed\tomcat-embed-core\10.1.5\tomcat-embed-core-10.1.5.jar;C:\Users\hp\.m2\repository\org\apache\tomcat\embed\tomcat-embed-websocket\10.1.5\tomcat-embed-websocket-10.1.5.jar;C:\Users\hp\.m2\repository\org\springframework\spring-web\6.0.4\spring-web-6.0.4.jar;C:\Users\hp\.m2\repository\io\micrometer\micrometer-observation\1.10.3\micrometer-observation-1.10.3.jar;C:\Users\hp\.m2\repository\io\micrometer\micrometer-commons\1.10.3\micrometer-commons-1.10.3.jar;C:\Users\hp\.m2\repository\org\springframework\spring-webmvc\6.0.4\spring-webmvc-6.0.4.jar;C:\Users\hp\.m2\repository\org\springframework\spring-expression\6.0.4\spring-expression-6.0.4.jar;C:\Users\hp\.m2\repository\org\springframework\boot\spring-boot-devtools\3.0.2\spring-boot-devtools-3.0.2.jar;C:\Users\hp\.m2\repository\org\springframework\boot\spring-boot\3.0.2\spring-boot-3.0.2.jar;C:\Users\hp\.m2\repository\org\springframework\boot\spring-boot-autoconfigure\3.0.2\spring-boot-autoconfigure-3.0.2.jar;C:\Users\hp\.m2\repository\mysql\mysql-connector-java\8.0.28\mysql-connector-java-8.0.28.jar;C:\Users\hp\.m2\repository\jakarta\xml\bind\jakarta.xml.bind-api\4.0.0\jakarta.xml.bind-api-4.0.0.jar;C:\Users\hp\.m2\repository\org\springframework\spring-core\6.0.4\spring-core-6.0.4.jar;C:\Users\hp\.m2\repository\org\springframework\spring-jcl\6.0.4\spring-jcl-6.0.4.jar;C:\Users\hp\.m2\repository\org\projectlombok\lombok\1.18.24\lombok-1.18.24.jar
Launcher Type: SUN_STANDARD

[Global flags]
     intx CICompilerCount                          = 3                                         {product} {ergonomic}
     uint ConcGCThreads                            = 1                                         {product} {ergonomic}
     uint G1ConcRefinementThreads                  = 4                                         {product} {ergonomic}
   size_t G1HeapRegionSize                         = 1048576                                   {product} {ergonomic}
    uintx GCDrainStackTargetSize                   = 64                                        {product} {ergonomic}
   size_t InitialHeapSize                          = 67108864                                  {product} {ergonomic}
     bool ManagementServer                         = true                                      {product} {command line}
   size_t MarkStackSize                            = 4194304                                   {product} {ergonomic}
   size_t MaxHeapSize                              = 1052770304                                {product} {ergonomic}
   size_t MaxNewSize                               = 631242752                                 {product} {ergonomic}
   size_t MinHeapDeltaBytes                        = 1048576                                   {product} {ergonomic}
   size_t MinHeapSize                              = 8388608                                   {product} {ergonomic}
    uintx NonProfiledCodeHeapSize                  = 0                                      {pd product} {ergonomic}
     bool ProfileInterpreter                       = false                                  {pd product} {command line}
    uintx ProfiledCodeHeapSize                     = 0                                      {pd product} {ergonomic}
   size_t SoftMaxHeapSize                          = 1052770304                             {manageable} {ergonomic}
     intx TieredStopAtLevel                        = 1                                         {product} {command line}
     bool UseCompressedClassPointers               = true                           {product lp64_product} {ergonomic}
     bool UseCompressedOops                        = true                           {product lp64_product} {ergonomic}
     bool UseG1GC                                  = true                                      {product} {ergonomic}
     bool UseLargePagesIndividualAllocation        = false                                  {pd product} {ergonomic}

Logging:
Log output configuration:
 #0: stdout all=warning uptime,level,tags foldmultilines=false
 #1: stderr all=off uptime,level,tags foldmultilines=false

Environment Variables:
JAVA_HOME=C:\Users\hp\.jdks\openjdk-19.0.1
PATH=C:\WINDOWS\system32;C:\WINDOWS;C:\WINDOWS\System32\Wbem;C:\WINDOWS\System32\WindowsPowerShell\v1.0\;C:\WINDOWS\System32\OpenSSH\;C:\Program Files\MySQL\MySQL Server 8.0\bin;C:\Program Files\nodejs\;C:\Program Files\MySQL\MySQL Shell 8.0\bin\;C:\Users\hp\AppData\Local\Microsoft\WindowsApps;C:\Users\hp\AppData\Roaming\npm;C:\Users\hp\AppData\Local\Programs\Microsoft VS Code\bin;
USERNAME=hp
OS=Windows_NT
PROCESSOR_IDENTIFIER=Intel64 Family 6 Model 78 Stepping 3, GenuineIntel
TMP=C:\Users\hp\AppData\Local\Temp
TEMP=C:\Users\hp\AppData\Local\Temp



---------------  S Y S T E M  ---------------

OS:
 Windows 10 , 64 bit Build 19041 (10.0.19041.2364)
OS uptime: 1 days 5:56 hours

CPU: total 4 (initial active 4) (2 cores per cpu, 2 threads per core) family 6 model 78 stepping 3 microcode 0xcc, cx8, cmov, fxsr, ht, mmx, 3dnowpref, sse, sse2, sse3, ssse3, sse4.1, sse4.2, popcnt, lzcnt, tsc, tscinvbit, avx, avx2, aes, erms, clmul, bmi1, bmi2, adx, fma, vzeroupper, clflush, clflushopt, rdtscp

Memory: 4k page, system-wide physical 4012M (861M free)
TotalPageFile size 15562M (AvailPageFile size 29M)
current process WorkingSet (physical memory assigned to process): 60M, peak: 185M
current process commit charge ("private bytes"): 242M, peak: 344M

vm_info: OpenJDK 64-Bit Server VM (19.0.1+10-21) for windows-amd64 JRE (19.0.1+10-21), built on 2022-09-14T12:45:06Z by "mach5one" with MS VC++ 17.1 (VS2022)

END.
